\BOOKMARK [0][-]{chapter.1}{\376\377\0001\000\040\000C\000l\000a\000s\000s\000\040\000I\000n\000d\000e\000x}{}% 1
\BOOKMARK [1][-]{section.1.1}{\376\377\0001\000.\0001\000\040\000C\000l\000a\000s\000s\000\040\000L\000i\000s\000t}{chapter.1}% 2
\BOOKMARK [0][-]{chapter.2}{\376\377\0002\000\040\000F\000i\000l\000e\000\040\000I\000n\000d\000e\000x}{}% 3
\BOOKMARK [1][-]{section.2.1}{\376\377\0002\000.\0001\000\040\000F\000i\000l\000e\000\040\000L\000i\000s\000t}{chapter.2}% 4
\BOOKMARK [0][-]{chapter.3}{\376\377\0003\000\040\000C\000l\000a\000s\000s\000\040\000D\000o\000c\000u\000m\000e\000n\000t\000a\000t\000i\000o\000n}{}% 5
\BOOKMARK [1][-]{section.3.1}{\376\377\0003\000.\0001\000\040\000A\000c\000c\000o\000u\000n\000t\000R\000e\000c\000o\000r\000d\000\040\000S\000t\000r\000u\000c\000t\000\040\000R\000e\000f\000e\000r\000e\000n\000c\000e}{chapter.3}% 6
\BOOKMARK [2][-]{subsection.3.1.1}{\376\377\0003\000.\0001\000.\0001\000\040\000M\000e\000m\000b\000e\000r\000\040\000D\000a\000t\000a\000\040\000D\000o\000c\000u\000m\000e\000n\000t\000a\000t\000i\000o\000n}{section.3.1}% 7
\BOOKMARK [3][-]{subsubsection.3.1.1.1}{\376\377\0003\000.\0001\000.\0001\000.\0001\000\040\000a\000c\000c\000t\000I\000D}{subsection.3.1.1}% 8
\BOOKMARK [3][-]{subsubsection.3.1.1.2}{\376\377\0003\000.\0001\000.\0001\000.\0002\000\040\000b\000a\000l\000a\000n\000c\000e}{subsection.3.1.1}% 9
\BOOKMARK [3][-]{subsubsection.3.1.1.3}{\376\377\0003\000.\0001\000.\0001\000.\0003\000\040\000f\000i\000r\000s\000t\000N\000a\000m\000e}{subsection.3.1.1}% 10
\BOOKMARK [3][-]{subsubsection.3.1.1.4}{\376\377\0003\000.\0001\000.\0001\000.\0004\000\040\000l\000a\000s\000t\000N\000a\000m\000e}{subsection.3.1.1}% 11
\BOOKMARK [1][-]{section.3.2}{\376\377\0003\000.\0002\000\040\000B\000S\000T\000r\000e\000e\000<\000\040\000D\000a\000t\000a\000T\000y\000p\000e\000,\000\040\000K\000e\000y\000T\000y\000p\000e\000\040\000>\000\040\000C\000l\000a\000s\000s\000\040\000T\000e\000m\000p\000l\000a\000t\000e\000\040\000R\000e\000f\000e\000r\000e\000n\000c\000e}{chapter.3}% 12
\BOOKMARK [2][-]{subsection.3.2.1}{\376\377\0003\000.\0002\000.\0001\000\040\000C\000o\000n\000s\000t\000r\000u\000c\000t\000o\000r\000\040\000\046\000\040\000D\000e\000s\000t\000r\000u\000c\000t\000o\000r\000\040\000D\000o\000c\000u\000m\000e\000n\000t\000a\000t\000i\000o\000n}{section.3.2}% 13
\BOOKMARK [3][-]{subsubsection.3.2.1.1}{\376\377\0003\000.\0002\000.\0001\000.\0001\000\040\000B\000S\000T\000r\000e\000e}{subsection.3.2.1}% 14
\BOOKMARK [3][-]{subsubsection.3.2.1.2}{\376\377\0003\000.\0002\000.\0001\000.\0002\000\040\000B\000S\000T\000r\000e\000e}{subsection.3.2.1}% 15
\BOOKMARK [3][-]{subsubsection.3.2.1.3}{\376\377\0003\000.\0002\000.\0001\000.\0003\000\040\000B\000S\000T\000r\000e\000e}{subsection.3.2.1}% 16
\BOOKMARK [2][-]{subsection.3.2.2}{\376\377\0003\000.\0002\000.\0002\000\040\000M\000e\000m\000b\000e\000r\000\040\000F\000u\000n\000c\000t\000i\000o\000n\000\040\000D\000o\000c\000u\000m\000e\000n\000t\000a\000t\000i\000o\000n}{section.3.2}% 17
\BOOKMARK [3][-]{subsubsection.3.2.2.1}{\376\377\0003\000.\0002\000.\0002\000.\0001\000\040\000c\000l\000e\000a\000r}{subsection.3.2.2}% 18
\BOOKMARK [3][-]{subsubsection.3.2.2.2}{\376\377\0003\000.\0002\000.\0002\000.\0002\000\040\000c\000l\000e\000a\000r\000H\000e\000l\000p\000e\000r}{subsection.3.2.2}% 19
\BOOKMARK [3][-]{subsubsection.3.2.2.3}{\376\377\0003\000.\0002\000.\0002\000.\0003\000\040\000c\000o\000p\000y\000H\000e\000l\000p}{subsection.3.2.2}% 20
\BOOKMARK [3][-]{subsubsection.3.2.2.4}{\376\377\0003\000.\0002\000.\0002\000.\0004\000\040\000c\000o\000u\000n\000t\000H\000e\000l\000p\000e\000r}{subsection.3.2.2}% 21
\BOOKMARK [3][-]{subsubsection.3.2.2.5}{\376\377\0003\000.\0002\000.\0002\000.\0005\000\040\000g\000e\000t\000C\000o\000u\000n\000t}{subsection.3.2.2}% 22
\BOOKMARK [3][-]{subsubsection.3.2.2.6}{\376\377\0003\000.\0002\000.\0002\000.\0006\000\040\000g\000e\000t\000H\000e\000i\000g\000h\000t}{subsection.3.2.2}% 23
\BOOKMARK [3][-]{subsubsection.3.2.2.7}{\376\377\0003\000.\0002\000.\0002\000.\0007\000\040\000h\000e\000i\000g\000h\000t\000H\000e\000l\000p\000e\000r}{subsection.3.2.2}% 24
\BOOKMARK [3][-]{subsubsection.3.2.2.8}{\376\377\0003\000.\0002\000.\0002\000.\0008\000\040\000i\000n\000s\000e\000r\000t}{subsection.3.2.2}% 25
\BOOKMARK [3][-]{subsubsection.3.2.2.9}{\376\377\0003\000.\0002\000.\0002\000.\0009\000\040\000i\000n\000s\000e\000r\000t\000H\000e\000l\000p\000e\000r}{subsection.3.2.2}% 26
\BOOKMARK [3][-]{subsubsection.3.2.2.10}{\376\377\0003\000.\0002\000.\0002\000.\0001\0000\000\040\000i\000s\000E\000m\000p\000t\000y}{subsection.3.2.2}% 27
\BOOKMARK [3][-]{subsubsection.3.2.2.11}{\376\377\0003\000.\0002\000.\0002\000.\0001\0001\000\040\000o\000p\000e\000r\000a\000t\000o\000r\000=}{subsection.3.2.2}% 28
\BOOKMARK [3][-]{subsubsection.3.2.2.12}{\376\377\0003\000.\0002\000.\0002\000.\0001\0002\000\040\000r\000e\000m\000o\000v\000e}{subsection.3.2.2}% 29
\BOOKMARK [3][-]{subsubsection.3.2.2.13}{\376\377\0003\000.\0002\000.\0002\000.\0001\0003\000\040\000r\000e\000m\000o\000v\000e\000H\000e\000l\000p\000e\000r}{subsection.3.2.2}% 30
\BOOKMARK [3][-]{subsubsection.3.2.2.14}{\376\377\0003\000.\0002\000.\0002\000.\0001\0004\000\040\000r\000e\000t\000r\000i\000e\000v\000e}{subsection.3.2.2}% 31
\BOOKMARK [3][-]{subsubsection.3.2.2.15}{\376\377\0003\000.\0002\000.\0002\000.\0001\0005\000\040\000r\000e\000t\000r\000i\000e\000v\000e\000H\000e\000l\000p\000e\000r}{subsection.3.2.2}% 32
\BOOKMARK [3][-]{subsubsection.3.2.2.16}{\376\377\0003\000.\0002\000.\0002\000.\0001\0006\000\040\000s\000h\000o\000w\000H\000e\000l\000p\000e\000r}{subsection.3.2.2}% 33
\BOOKMARK [3][-]{subsubsection.3.2.2.17}{\376\377\0003\000.\0002\000.\0002\000.\0001\0007\000\040\000s\000h\000o\000w\000S\000t\000r\000u\000c\000t\000u\000r\000e}{subsection.3.2.2}% 34
\BOOKMARK [3][-]{subsubsection.3.2.2.18}{\376\377\0003\000.\0002\000.\0002\000.\0001\0008\000\040\000w\000r\000i\000t\000e\000K\000e\000y\000s}{subsection.3.2.2}% 35
\BOOKMARK [3][-]{subsubsection.3.2.2.19}{\376\377\0003\000.\0002\000.\0002\000.\0001\0009\000\040\000w\000r\000i\000t\000e\000K\000e\000y\000s\000H\000e\000l\000p\000e\000r}{subsection.3.2.2}% 36
\BOOKMARK [3][-]{subsubsection.3.2.2.20}{\376\377\0003\000.\0002\000.\0002\000.\0002\0000\000\040\000w\000r\000i\000t\000e\000L\000e\000s\000s\000T\000h\000a\000n}{subsection.3.2.2}% 37
\BOOKMARK [2][-]{subsection.3.2.3}{\376\377\0003\000.\0002\000.\0003\000\040\000M\000e\000m\000b\000e\000r\000\040\000D\000a\000t\000a\000\040\000D\000o\000c\000u\000m\000e\000n\000t\000a\000t\000i\000o\000n}{section.3.2}% 38
\BOOKMARK [3][-]{subsubsection.3.2.3.1}{\376\377\0003\000.\0002\000.\0003\000.\0001\000\040\000r\000o\000o\000t}{subsection.3.2.3}% 39
\BOOKMARK [1][-]{section.3.3}{\376\377\0003\000.\0003\000\040\000B\000S\000T\000r\000e\000e\000<\000\040\000D\000a\000t\000a\000T\000y\000p\000e\000,\000\040\000K\000e\000y\000T\000y\000p\000e\000\040\000>\000:\000:\000B\000S\000T\000r\000e\000e\000N\000o\000d\000e\000\040\000C\000l\000a\000s\000s\000\040\000R\000e\000f\000e\000r\000e\000n\000c\000e}{chapter.3}% 40
\BOOKMARK [2][-]{subsection.3.3.1}{\376\377\0003\000.\0003\000.\0001\000\040\000C\000o\000n\000s\000t\000r\000u\000c\000t\000o\000r\000\040\000\046\000\040\000D\000e\000s\000t\000r\000u\000c\000t\000o\000r\000\040\000D\000o\000c\000u\000m\000e\000n\000t\000a\000t\000i\000o\000n}{section.3.3}% 41
\BOOKMARK [3][-]{subsubsection.3.3.1.1}{\376\377\0003\000.\0003\000.\0001\000.\0001\000\040\000B\000S\000T\000r\000e\000e\000N\000o\000d\000e}{subsection.3.3.1}% 42
\BOOKMARK [2][-]{subsection.3.3.2}{\376\377\0003\000.\0003\000.\0002\000\040\000M\000e\000m\000b\000e\000r\000\040\000D\000a\000t\000a\000\040\000D\000o\000c\000u\000m\000e\000n\000t\000a\000t\000i\000o\000n}{section.3.3}% 43
\BOOKMARK [3][-]{subsubsection.3.3.2.1}{\376\377\0003\000.\0003\000.\0002\000.\0001\000\040\000d\000a\000t\000a\000I\000t\000e\000m}{subsection.3.3.2}% 44
\BOOKMARK [3][-]{subsubsection.3.3.2.2}{\376\377\0003\000.\0003\000.\0002\000.\0002\000\040\000l\000e\000f\000t}{subsection.3.3.2}% 45
\BOOKMARK [3][-]{subsubsection.3.3.2.3}{\376\377\0003\000.\0003\000.\0002\000.\0003\000\040\000r\000i\000g\000h\000t}{subsection.3.3.2}% 46
\BOOKMARK [1][-]{section.3.4}{\376\377\0003\000.\0004\000\040\000I\000n\000d\000e\000x\000E\000n\000t\000r\000y\000\040\000S\000t\000r\000u\000c\000t\000\040\000R\000e\000f\000e\000r\000e\000n\000c\000e}{chapter.3}% 47
\BOOKMARK [2][-]{subsection.3.4.1}{\376\377\0003\000.\0004\000.\0001\000\040\000M\000e\000m\000b\000e\000r\000\040\000F\000u\000n\000c\000t\000i\000o\000n\000\040\000D\000o\000c\000u\000m\000e\000n\000t\000a\000t\000i\000o\000n}{section.3.4}% 48
\BOOKMARK [3][-]{subsubsection.3.4.1.1}{\376\377\0003\000.\0004\000.\0001\000.\0001\000\040\000g\000e\000t\000K\000e\000y}{subsection.3.4.1}% 49
\BOOKMARK [2][-]{subsection.3.4.2}{\376\377\0003\000.\0004\000.\0002\000\040\000M\000e\000m\000b\000e\000r\000\040\000D\000a\000t\000a\000\040\000D\000o\000c\000u\000m\000e\000n\000t\000a\000t\000i\000o\000n}{section.3.4}% 50
\BOOKMARK [3][-]{subsubsection.3.4.2.1}{\376\377\0003\000.\0004\000.\0002\000.\0001\000\040\000a\000c\000c\000t\000I\000D}{subsection.3.4.2}% 51
\BOOKMARK [3][-]{subsubsection.3.4.2.2}{\376\377\0003\000.\0004\000.\0002\000.\0002\000\040\000r\000e\000c\000N\000u\000m}{subsection.3.4.2}% 52
\BOOKMARK [1][-]{section.3.5}{\376\377\0003\000.\0005\000\040\000T\000e\000s\000t\000D\000a\000t\000a\000\040\000C\000l\000a\000s\000s\000\040\000R\000e\000f\000e\000r\000e\000n\000c\000e}{chapter.3}% 53
\BOOKMARK [2][-]{subsection.3.5.1}{\376\377\0003\000.\0005\000.\0001\000\040\000M\000e\000m\000b\000e\000r\000\040\000F\000u\000n\000c\000t\000i\000o\000n\000\040\000D\000o\000c\000u\000m\000e\000n\000t\000a\000t\000i\000o\000n}{section.3.5}% 54
\BOOKMARK [3][-]{subsubsection.3.5.1.1}{\376\377\0003\000.\0005\000.\0001\000.\0001\000\040\000g\000e\000t\000K\000e\000y}{subsection.3.5.1}% 55
\BOOKMARK [3][-]{subsubsection.3.5.1.2}{\376\377\0003\000.\0005\000.\0001\000.\0002\000\040\000s\000e\000t\000K\000e\000y}{subsection.3.5.1}% 56
\BOOKMARK [2][-]{subsection.3.5.2}{\376\377\0003\000.\0005\000.\0002\000\040\000M\000e\000m\000b\000e\000r\000\040\000D\000a\000t\000a\000\040\000D\000o\000c\000u\000m\000e\000n\000t\000a\000t\000i\000o\000n}{section.3.5}% 57
\BOOKMARK [3][-]{subsubsection.3.5.2.1}{\376\377\0003\000.\0005\000.\0002\000.\0001\000\040\000k\000e\000y\000F\000i\000e\000l\000d}{subsection.3.5.2}% 58
\BOOKMARK [0][-]{chapter.4}{\376\377\0004\000\040\000F\000i\000l\000e\000\040\000D\000o\000c\000u\000m\000e\000n\000t\000a\000t\000i\000o\000n}{}% 59
\BOOKMARK [1][-]{section.4.1}{\376\377\0004\000.\0001\000\040\000B\000S\000T\000r\000e\000e\000.\000c\000p\000p\000\040\000F\000i\000l\000e\000\040\000R\000e\000f\000e\000r\000e\000n\000c\000e}{chapter.4}% 60
\BOOKMARK [1][-]{section.4.2}{\376\377\0004\000.\0002\000\040\000B\000S\000T\000r\000e\000e\000.\000h\000\040\000F\000i\000l\000e\000\040\000R\000e\000f\000e\000r\000e\000n\000c\000e}{chapter.4}% 61
\BOOKMARK [1][-]{section.4.3}{\376\377\0004\000.\0003\000\040\000c\000o\000n\000f\000i\000g\000.\000h\000\040\000F\000i\000l\000e\000\040\000R\000e\000f\000e\000r\000e\000n\000c\000e}{chapter.4}% 62
\BOOKMARK [2][-]{subsection.4.3.1}{\376\377\0004\000.\0003\000.\0001\000\040\000M\000a\000c\000r\000o\000\040\000D\000e\000f\000i\000n\000i\000t\000i\000o\000n\000\040\000D\000o\000c\000u\000m\000e\000n\000t\000a\000t\000i\000o\000n}{section.4.3}% 63
\BOOKMARK [3][-]{subsubsection.4.3.1.1}{\376\377\0004\000.\0003\000.\0001\000.\0001\000\040\000L\000A\000B\0009\000\137\000T\000E\000S\000T\0001}{subsection.4.3.1}% 64
\BOOKMARK [3][-]{subsubsection.4.3.1.2}{\376\377\0004\000.\0003\000.\0001\000.\0002\000\040\000L\000A\000B\0009\000\137\000T\000E\000S\000T\0002}{subsection.4.3.1}% 65
\BOOKMARK [3][-]{subsubsection.4.3.1.3}{\376\377\0004\000.\0003\000.\0001\000.\0003\000\040\000L\000A\000B\0009\000\137\000T\000E\000S\000T\0003}{subsection.4.3.1}% 66
\BOOKMARK [1][-]{section.4.4}{\376\377\0004\000.\0004\000\040\000d\000a\000t\000a\000b\000a\000s\000e\000.\000c\000p\000p\000\040\000F\000i\000l\000e\000\040\000R\000e\000f\000e\000r\000e\000n\000c\000e}{chapter.4}% 67
\BOOKMARK [2][-]{subsection.4.4.1}{\376\377\0004\000.\0004\000.\0001\000\040\000F\000u\000n\000c\000t\000i\000o\000n\000\040\000D\000o\000c\000u\000m\000e\000n\000t\000a\000t\000i\000o\000n}{section.4.4}% 68
\BOOKMARK [3][-]{subsubsection.4.4.1.1}{\376\377\0004\000.\0004\000.\0001\000.\0001\000\040\000m\000a\000i\000n}{subsection.4.4.1}% 69
\BOOKMARK [2][-]{subsection.4.4.2}{\376\377\0004\000.\0004\000.\0002\000\040\000V\000a\000r\000i\000a\000b\000l\000e\000\040\000D\000o\000c\000u\000m\000e\000n\000t\000a\000t\000i\000o\000n}{section.4.4}% 70
\BOOKMARK [3][-]{subsubsection.4.4.2.1}{\376\377\0004\000.\0004\000.\0002\000.\0001\000\040\000b\000y\000t\000e\000s\000P\000e\000r\000R\000e\000c\000o\000r\000d}{subsection.4.4.2}% 71
\BOOKMARK [3][-]{subsubsection.4.4.2.2}{\376\377\0004\000.\0004\000.\0002\000.\0002\000\040\000n\000a\000m\000e\000L\000e\000n\000g\000t\000h}{subsection.4.4.2}% 72
\BOOKMARK [1][-]{section.4.5}{\376\377\0004\000.\0005\000\040\000s\000h\000o\000w\0009\000.\000c\000p\000p\000\040\000F\000i\000l\000e\000\040\000R\000e\000f\000e\000r\000e\000n\000c\000e}{chapter.4}% 73
\BOOKMARK [1][-]{section.4.6}{\376\377\0004\000.\0006\000\040\000t\000e\000s\000t\0009\000.\000c\000p\000p\000\040\000F\000i\000l\000e\000\040\000R\000e\000f\000e\000r\000e\000n\000c\000e}{chapter.4}% 74
\BOOKMARK [2][-]{subsection.4.6.1}{\376\377\0004\000.\0006\000.\0001\000\040\000F\000u\000n\000c\000t\000i\000o\000n\000\040\000D\000o\000c\000u\000m\000e\000n\000t\000a\000t\000i\000o\000n}{section.4.6}% 75
\BOOKMARK [3][-]{subsubsection.4.6.1.1}{\376\377\0004\000.\0006\000.\0001\000.\0001\000\040\000m\000a\000i\000n}{subsection.4.6.1}% 76
\BOOKMARK [3][-]{subsubsection.4.6.1.2}{\376\377\0004\000.\0006\000.\0001\000.\0002\000\040\000p\000r\000i\000n\000t\000\137\000h\000e\000l\000p}{subsection.4.6.1}% 77
