\BOOKMARK [0][-]{chapter.1}{\376\377\0001\000\040\000C\000l\000a\000s\000s\000\040\000I\000n\000d\000e\000x}{}% 1
\BOOKMARK [1][-]{section.1.1}{\376\377\0001\000.\0001\000\040\000C\000l\000a\000s\000s\000\040\000L\000i\000s\000t}{chapter.1}% 2
\BOOKMARK [0][-]{chapter.2}{\376\377\0002\000\040\000C\000l\000a\000s\000s\000\040\000D\000o\000c\000u\000m\000e\000n\000t\000a\000t\000i\000o\000n}{}% 3
\BOOKMARK [1][-]{section.2.1}{\376\377\0002\000.\0001\000\040\000W\000e\000i\000g\000h\000t\000e\000d\000G\000r\000a\000p\000h\000:\000:\000V\000e\000r\000t\000e\000x\000\040\000C\000l\000a\000s\000s\000\040\000R\000e\000f\000e\000r\000e\000n\000c\000e}{chapter.2}% 4
\BOOKMARK [1][-]{section.2.2}{\376\377\0002\000.\0002\000\040\000V\000e\000r\000t\000e\000x\000\040\000C\000l\000a\000s\000s\000\040\000R\000e\000f\000e\000r\000e\000n\000c\000e}{chapter.2}% 5
\BOOKMARK [1][-]{section.2.3}{\376\377\0002\000.\0003\000\040\000W\000e\000i\000g\000h\000t\000e\000d\000G\000r\000a\000p\000h\000\040\000C\000l\000a\000s\000s\000\040\000R\000e\000f\000e\000r\000e\000n\000c\000e}{chapter.2}% 6
\BOOKMARK [2][-]{subsection.2.3.1}{\376\377\0002\000.\0003\000.\0001\000\040\000C\000o\000n\000s\000t\000r\000u\000c\000t\000o\000r\000\040\000\046\000\040\000D\000e\000s\000t\000r\000u\000c\000t\000o\000r\000\040\000D\000o\000c\000u\000m\000e\000n\000t\000a\000t\000i\000o\000n}{section.2.3}% 7
\BOOKMARK [3][-]{subsubsection.2.3.1.1}{\376\377\0002\000.\0003\000.\0001\000.\0001\000\040\000W\000e\000i\000g\000h\000t\000e\000d\000G\000r\000a\000p\000h}{subsection.2.3.1}% 8
\BOOKMARK [3][-]{subsubsection.2.3.1.2}{\376\377\0002\000.\0003\000.\0001\000.\0002\000\040\000W\000e\000i\000g\000h\000t\000e\000d\000G\000r\000a\000p\000h}{subsection.2.3.1}% 9
\BOOKMARK [3][-]{subsubsection.2.3.1.3}{\376\377\0002\000.\0003\000.\0001\000.\0003\000\040\000W\000e\000i\000g\000h\000t\000e\000d\000G\000r\000a\000p\000h}{subsection.2.3.1}% 10
\BOOKMARK [2][-]{subsection.2.3.2}{\376\377\0002\000.\0003\000.\0002\000\040\000M\000e\000m\000b\000e\000r\000\040\000F\000u\000n\000c\000t\000i\000o\000n\000\040\000D\000o\000c\000u\000m\000e\000n\000t\000a\000t\000i\000o\000n}{section.2.3}% 11
\BOOKMARK [3][-]{subsubsection.2.3.2.1}{\376\377\0002\000.\0003\000.\0002\000.\0001\000\040\000a\000r\000e\000A\000l\000l\000E\000v\000e\000n}{subsection.2.3.2}% 12
\BOOKMARK [3][-]{subsubsection.2.3.2.2}{\376\377\0002\000.\0003\000.\0002\000.\0002\000\040\000c\000l\000e\000a\000r}{subsection.2.3.2}% 13
\BOOKMARK [3][-]{subsubsection.2.3.2.3}{\376\377\0002\000.\0003\000.\0002\000.\0003\000\040\000g\000e\000t\000E\000d\000g\000e}{subsection.2.3.2}% 14
\BOOKMARK [3][-]{subsubsection.2.3.2.4}{\376\377\0002\000.\0003\000.\0002\000.\0004\000\040\000g\000e\000t\000E\000d\000g\000e\000W\000e\000i\000g\000h\000t}{subsection.2.3.2}% 15
\BOOKMARK [3][-]{subsubsection.2.3.2.5}{\376\377\0002\000.\0003\000.\0002\000.\0005\000\040\000g\000e\000t\000I\000n\000d\000e\000x}{subsection.2.3.2}% 16
\BOOKMARK [3][-]{subsubsection.2.3.2.6}{\376\377\0002\000.\0003\000.\0002\000.\0006\000\040\000g\000e\000t\000P\000a\000t\000h}{subsection.2.3.2}% 17
\BOOKMARK [3][-]{subsubsection.2.3.2.7}{\376\377\0002\000.\0003\000.\0002\000.\0007\000\040\000h\000a\000s\000P\000r\000o\000p\000e\000r\000C\000o\000l\000o\000r\000i\000n\000g}{subsection.2.3.2}% 18
\BOOKMARK [3][-]{subsubsection.2.3.2.8}{\376\377\0002\000.\0003\000.\0002\000.\0008\000\040\000i\000n\000s\000e\000r\000t\000E\000d\000g\000e}{subsection.2.3.2}% 19
\BOOKMARK [3][-]{subsubsection.2.3.2.9}{\376\377\0002\000.\0003\000.\0002\000.\0009\000\040\000i\000n\000s\000e\000r\000t\000V\000e\000r\000t\000e\000x}{subsection.2.3.2}% 20
\BOOKMARK [3][-]{subsubsection.2.3.2.10}{\376\377\0002\000.\0003\000.\0002\000.\0001\0000\000\040\000o\000p\000e\000r\000a\000t\000o\000r\000=}{subsection.2.3.2}% 21
\BOOKMARK [3][-]{subsubsection.2.3.2.11}{\376\377\0002\000.\0003\000.\0002\000.\0001\0001\000\040\000r\000e\000m\000o\000v\000e\000E\000d\000g\000e}{subsection.2.3.2}% 22
\BOOKMARK [3][-]{subsubsection.2.3.2.12}{\376\377\0002\000.\0003\000.\0002\000.\0001\0002\000\040\000r\000e\000m\000o\000v\000e\000V\000e\000r\000t\000e\000x}{subsection.2.3.2}% 23
\BOOKMARK [3][-]{subsubsection.2.3.2.13}{\376\377\0002\000.\0003\000.\0002\000.\0001\0003\000\040\000r\000e\000t\000r\000i\000e\000v\000e\000V\000e\000r\000t\000e\000x}{subsection.2.3.2}% 24
\BOOKMARK [3][-]{subsubsection.2.3.2.14}{\376\377\0002\000.\0003\000.\0002\000.\0001\0004\000\040\000s\000e\000t\000E\000d\000g\000e}{subsection.2.3.2}% 25
\BOOKMARK [3][-]{subsubsection.2.3.2.15}{\376\377\0002\000.\0003\000.\0002\000.\0001\0005\000\040\000s\000e\000t\000P\000a\000t\000h}{subsection.2.3.2}% 26
\BOOKMARK [3][-]{subsubsection.2.3.2.16}{\376\377\0002\000.\0003\000.\0002\000.\0001\0006\000\040\000s\000h\000o\000w\000S\000h\000o\000r\000t\000e\000s\000t\000P\000a\000t\000h\000s}{subsection.2.3.2}% 27
\BOOKMARK [1][-]{section.2.4}{\376\377\0002\000.\0004\000\040\000W\000t\000G\000r\000a\000p\000h\000\040\000C\000l\000a\000s\000s\000\040\000R\000e\000f\000e\000r\000e\000n\000c\000e}{chapter.2}% 28
